<?xml version="1.0" encoding="UTF-8"?>
<!-- Generated by org.testng.reporters.JUnitXMLReporter -->
<testsuite hostname="Chetan" name="TestVerifyText" tests="1" failures="1" timestamp="1 Apr 2018 17:19:30 GMT" time="12.353" errors="0">
  <testcase name="homePageNavigation" time="0.073" classname="landmark.LifestyleAutomation.HomePageVerifyText">
    <failure type="java.lang.AssertionError" message="expected [oooooClick &amp;amp; Collect - order online and collect at a store of your choice for free] but found [Click &amp;amp; Collect - order online and collect at a store of your choice for free]">
      <![CDATA[java.lang.AssertionError: expected [oooooClick & Collect - order online and collect at a store of your choice for free] but found [Click & Collect - order online and collect at a store of your choice for free]
	at landmark.LifestyleAutomation.HomePageVerifyText.homePageNavigation(HomePageVerifyText.java:27)
	at org.apache.maven.surefire.testng.TestNGExecutor.run(TestNGExecutor.java:283)
	at org.apache.maven.surefire.testng.TestNGXmlTestSuite.execute(TestNGXmlTestSuite.java:75)
	at org.apache.maven.surefire.testng.TestNGProvider.invoke(TestNGProvider.java:120)
	at org.apache.maven.surefire.booter.ForkedBooter.invokeProviderInSameClassLoader(ForkedBooter.java:379)
	at org.apache.maven.surefire.booter.ForkedBooter.runSuitesInProcess(ForkedBooter.java:340)
	at org.apache.maven.surefire.booter.ForkedBooter.execute(ForkedBooter.java:125)
	at org.apache.maven.surefire.booter.ForkedBooter.main(ForkedBooter.java:413)
... Removed 26 stack frames]]>
    </failure>
  </testcase> <!-- homePageNavigation -->
</testsuite> <!-- TestVerifyText -->
